-- The C compiler identification is GNU 13.3.0
-- The CXX compiler identification is GNU 13.3.0
-- Detecting C compiler ABI info
-- Detecting C compiler ABI info - done
-- Check for working C compiler: /usr/bin/cc - skipped
-- Detecting C compile features
-- Detecting C compile features - done
-- Detecting CXX compiler ABI info
-- Detecting CXX compiler ABI info - done
-- Check for working CXX compiler: /usr/bin/c++ - skipped
-- Detecting CXX compile features
-- Detecting CXX compile features - done
-- Found ament_cmake: 2.5.6 (/opt/ros/jazzy/share/ament_cmake/cmake)
-- Found Python3: /usr/bin/python3 (found version "3.12.3") found components: Interpreter 
-- Override CMake install command with custom implementation using symlinks instead of copying resources
-- Configuring done (0.7s)
-- Generating done (0.0s)
-- Build files have been written to: /home/jyy/workspace/EPSILON_ROS2/src/core/build/playgrounds
-- Install configuration: ""
-- Execute custom install script
-- Symlinking: /home/jyy/workspace/EPSILON_ROS2/src/core/install/playgrounds/share/playgrounds/highway_lite/agent_config.json
-- Symlinking: /home/jyy/workspace/EPSILON_ROS2/src/core/install/playgrounds/share/playgrounds/highway_lite/lane_net_norm.json
-- Symlinking: /home/jyy/workspace/EPSILON_ROS2/src/core/install/playgrounds/share/playgrounds/highway_lite/obstacles_norm.json
-- Symlinking: /home/jyy/workspace/EPSILON_ROS2/src/core/install/playgrounds/share/playgrounds/highway_lite/vehicle_set.json
-- Symlinking: /home/jyy/workspace/EPSILON_ROS2/src/core/install/playgrounds/share/playgrounds/highway_v1.0/agent_config.json
-- Symlinking: /home/jyy/workspace/EPSILON_ROS2/src/core/install/playgrounds/share/playgrounds/highway_v1.0/lane_net_norm.json
-- Symlinking: /home/jyy/workspace/EPSILON_ROS2/src/core/install/playgrounds/share/playgrounds/highway_v1.0/obstacles_norm.json
-- Symlinking: /home/jyy/workspace/EPSILON_ROS2/src/core/install/playgrounds/share/playgrounds/highway_v1.0/vehicle_set.json
-- Symlinking: /home/jyy/workspace/EPSILON_ROS2/src/core/install/playgrounds/share/playgrounds/ring_small_v1.0/agent_config.json
-- Symlinking: /home/jyy/workspace/EPSILON_ROS2/src/core/install/playgrounds/share/playgrounds/ring_small_v1.0/lane_net_norm.json
-- Symlinking: /home/jyy/workspace/EPSILON_ROS2/src/core/install/playgrounds/share/playgrounds/ring_small_v1.0/obstacles_norm.json
-- Symlinking: /home/jyy/workspace/EPSILON_ROS2/src/core/install/playgrounds/share/playgrounds/ring_small_v1.0/vehicle_set.json
-- Symlinking: /home/jyy/workspace/EPSILON_ROS2/src/core/install/playgrounds/share/playgrounds/ring_tiny_v1.0/agent_config.json
-- Symlinking: /home/jyy/workspace/EPSILON_ROS2/src/core/install/playgrounds/share/playgrounds/ring_tiny_v1.0/lane_net_norm.json
-- Symlinking: /home/jyy/workspace/EPSILON_ROS2/src/core/install/playgrounds/share/playgrounds/ring_tiny_v1.0/obstacles_norm.json
-- Symlinking: /home/jyy/workspace/EPSILON_ROS2/src/core/install/playgrounds/share/playgrounds/ring_tiny_v1.0/vehicle_set.json
-- Up-to-date symlink: /home/jyy/workspace/EPSILON_ROS2/src/core/install/playgrounds/share/playgrounds/highway_lite/agent_config.json
-- Up-to-date symlink: /home/jyy/workspace/EPSILON_ROS2/src/core/install/playgrounds/share/playgrounds/highway_lite/lane_net_norm.json
-- Up-to-date symlink: /home/jyy/workspace/EPSILON_ROS2/src/core/install/playgrounds/share/playgrounds/highway_lite/obstacles_norm.json
-- Up-to-date symlink: /home/jyy/workspace/EPSILON_ROS2/src/core/install/playgrounds/share/playgrounds/highway_lite/vehicle_set.json
-- Up-to-date symlink: /home/jyy/workspace/EPSILON_ROS2/src/core/install/playgrounds/share/playgrounds/highway_v1.0/agent_config.json
-- Up-to-date symlink: /home/jyy/workspace/EPSILON_ROS2/src/core/install/playgrounds/share/playgrounds/highway_v1.0/lane_net_norm.json
-- Up-to-date symlink: /home/jyy/workspace/EPSILON_ROS2/src/core/install/playgrounds/share/playgrounds/highway_v1.0/obstacles_norm.json
-- Up-to-date symlink: /home/jyy/workspace/EPSILON_ROS2/src/core/install/playgrounds/share/playgrounds/highway_v1.0/vehicle_set.json
-- Up-to-date symlink: /home/jyy/workspace/EPSILON_ROS2/src/core/install/playgrounds/share/playgrounds/ring_small_v1.0/agent_config.json
-- Up-to-date symlink: /home/jyy/workspace/EPSILON_ROS2/src/core/install/playgrounds/share/playgrounds/ring_small_v1.0/lane_net_norm.json
-- Up-to-date symlink: /home/jyy/workspace/EPSILON_ROS2/src/core/install/playgrounds/share/playgrounds/ring_small_v1.0/obstacles_norm.json
-- Up-to-date symlink: /home/jyy/workspace/EPSILON_ROS2/src/core/install/playgrounds/share/playgrounds/ring_small_v1.0/vehicle_set.json
-- Up-to-date symlink: /home/jyy/workspace/EPSILON_ROS2/src/core/install/playgrounds/share/playgrounds/ring_tiny_v1.0/agent_config.json
-- Up-to-date symlink: /home/jyy/workspace/EPSILON_ROS2/src/core/install/playgrounds/share/playgrounds/ring_tiny_v1.0/lane_net_norm.json
-- Up-to-date symlink: /home/jyy/workspace/EPSILON_ROS2/src/core/install/playgrounds/share/playgrounds/ring_tiny_v1.0/obstacles_norm.json
-- Up-to-date symlink: /home/jyy/workspace/EPSILON_ROS2/src/core/install/playgrounds/share/playgrounds/ring_tiny_v1.0/vehicle_set.json
-- Symlinking: /home/jyy/workspace/EPSILON_ROS2/src/core/install/playgrounds/share/ament_index/resource_index/package_run_dependencies/playgrounds
-- Symlinking: /home/jyy/workspace/EPSILON_ROS2/src/core/install/playgrounds/share/ament_index/resource_index/parent_prefix_path/playgrounds
-- Symlinking: /home/jyy/workspace/EPSILON_ROS2/src/core/install/playgrounds/share/playgrounds/environment/ament_prefix_path.sh
-- Symlinking: /home/jyy/workspace/EPSILON_ROS2/src/core/install/playgrounds/share/playgrounds/environment/ament_prefix_path.dsv
-- Symlinking: /home/jyy/workspace/EPSILON_ROS2/src/core/install/playgrounds/share/playgrounds/environment/path.sh
-- Symlinking: /home/jyy/workspace/EPSILON_ROS2/src/core/install/playgrounds/share/playgrounds/environment/path.dsv
-- Symlinking: /home/jyy/workspace/EPSILON_ROS2/src/core/install/playgrounds/share/playgrounds/local_setup.bash
-- Symlinking: /home/jyy/workspace/EPSILON_ROS2/src/core/install/playgrounds/share/playgrounds/local_setup.sh
-- Symlinking: /home/jyy/workspace/EPSILON_ROS2/src/core/install/playgrounds/share/playgrounds/local_setup.zsh
-- Symlinking: /home/jyy/workspace/EPSILON_ROS2/src/core/install/playgrounds/share/playgrounds/local_setup.dsv
-- Symlinking: /home/jyy/workspace/EPSILON_ROS2/src/core/install/playgrounds/share/playgrounds/package.dsv
-- Symlinking: /home/jyy/workspace/EPSILON_ROS2/src/core/install/playgrounds/share/ament_index/resource_index/packages/playgrounds
-- Symlinking: /home/jyy/workspace/EPSILON_ROS2/src/core/install/playgrounds/share/playgrounds/cmake/playgroundsConfig.cmake
-- Symlinking: /home/jyy/workspace/EPSILON_ROS2/src/core/install/playgrounds/share/playgrounds/cmake/playgroundsConfig-version.cmake
-- Symlinking: /home/jyy/workspace/EPSILON_ROS2/src/core/install/playgrounds/share/playgrounds/package.xml
