[0.011s] Invoking command in '/home/jyy/workspace/EPSILON_ROS2/src/core/build/playgrounds': CMAKE_PREFIX_PATH=${CMAKE_PREFIX_PATH}:/opt/ros/jazzy DEBUGINFOD_URLS=https://debuginfod.ubuntu.com /usr/bin/cmake /home/jyy/workspace/EPSILON_ROS2/src/core/playgrounds -DAMENT_CMAKE_SYMLINK_INSTALL=1 -DCMAKE_INSTALL_PREFIX=/home/jyy/workspace/EPSILON_ROS2/src/core/install/playgrounds
[0.063s] -- The C compiler identification is GNU 13.3.0
[0.115s] -- The CXX compiler identification is GNU 13.3.0
[0.130s] -- Detecting C compiler ABI info
[0.209s] -- Detecting C compiler ABI info - done
[0.219s] -- Check for working C compiler: /usr/bin/cc - skipped
[0.219s] -- Detecting C compile features
[0.220s] -- Detecting C compile features - done
[0.229s] -- Detecting CXX compiler ABI info
[0.319s] -- Detecting CXX compiler ABI info - done
[0.329s] -- Check for working CXX compiler: /usr/bin/c++ - skipped
[0.329s] -- Detecting CXX compile features
[0.330s] -- Detecting CXX compile features - done
[0.333s] -- Found ament_cmake: 2.5.6 (/opt/ros/jazzy/share/ament_cmake/cmake)
[0.492s] -- Found Python3: /usr/bin/python3 (found version "3.12.3") found components: Interpreter 
[0.564s] -- Override CMake install command with custom implementation using symlinks instead of copying resources
[0.699s] -- Configuring done (0.7s)
[0.702s] -- Generating done (0.0s)
[0.703s] -- Build files have been written to: /home/jyy/workspace/EPSILON_ROS2/src/core/build/playgrounds
[0.708s] Invoked command in '/home/jyy/workspace/EPSILON_ROS2/src/core/build/playgrounds' returned '0': CMAKE_PREFIX_PATH=${CMAKE_PREFIX_PATH}:/opt/ros/jazzy DEBUGINFOD_URLS=https://debuginfod.ubuntu.com /usr/bin/cmake /home/jyy/workspace/EPSILON_ROS2/src/core/playgrounds -DAMENT_CMAKE_SYMLINK_INSTALL=1 -DCMAKE_INSTALL_PREFIX=/home/jyy/workspace/EPSILON_ROS2/src/core/install/playgrounds
[0.709s] Invoking command in '/home/jyy/workspace/EPSILON_ROS2/src/core/build/playgrounds': CMAKE_PREFIX_PATH=${CMAKE_PREFIX_PATH}:/opt/ros/jazzy DEBUGINFOD_URLS=https://debuginfod.ubuntu.com /usr/bin/cmake --build /home/jyy/workspace/EPSILON_ROS2/src/core/build/playgrounds -- -j8 -l8
[0.744s] Invoked command in '/home/jyy/workspace/EPSILON_ROS2/src/core/build/playgrounds' returned '0': CMAKE_PREFIX_PATH=${CMAKE_PREFIX_PATH}:/opt/ros/jazzy DEBUGINFOD_URLS=https://debuginfod.ubuntu.com /usr/bin/cmake --build /home/jyy/workspace/EPSILON_ROS2/src/core/build/playgrounds -- -j8 -l8
[0.753s] Invoking command in '/home/jyy/workspace/EPSILON_ROS2/src/core/build/playgrounds': CMAKE_PREFIX_PATH=${CMAKE_PREFIX_PATH}:/opt/ros/jazzy DEBUGINFOD_URLS=https://debuginfod.ubuntu.com /usr/bin/cmake --install /home/jyy/workspace/EPSILON_ROS2/src/core/build/playgrounds
[0.760s] -- Install configuration: ""
[0.760s] -- Execute custom install script
[0.761s] -- Symlinking: /home/jyy/workspace/EPSILON_ROS2/src/core/install/playgrounds/share/playgrounds/highway_lite/agent_config.json
[0.769s] -- Symlinking: /home/jyy/workspace/EPSILON_ROS2/src/core/install/playgrounds/share/playgrounds/highway_lite/lane_net_norm.json
[0.777s] -- Symlinking: /home/jyy/workspace/EPSILON_ROS2/src/core/install/playgrounds/share/playgrounds/highway_lite/obstacles_norm.json
[0.785s] -- Symlinking: /home/jyy/workspace/EPSILON_ROS2/src/core/install/playgrounds/share/playgrounds/highway_lite/vehicle_set.json
[0.793s] -- Symlinking: /home/jyy/workspace/EPSILON_ROS2/src/core/install/playgrounds/share/playgrounds/highway_v1.0/agent_config.json
[0.802s] -- Symlinking: /home/jyy/workspace/EPSILON_ROS2/src/core/install/playgrounds/share/playgrounds/highway_v1.0/lane_net_norm.json
[0.810s] -- Symlinking: /home/jyy/workspace/EPSILON_ROS2/src/core/install/playgrounds/share/playgrounds/highway_v1.0/obstacles_norm.json
[0.818s] -- Symlinking: /home/jyy/workspace/EPSILON_ROS2/src/core/install/playgrounds/share/playgrounds/highway_v1.0/vehicle_set.json
[0.826s] -- Symlinking: /home/jyy/workspace/EPSILON_ROS2/src/core/install/playgrounds/share/playgrounds/ring_small_v1.0/agent_config.json
[0.835s] -- Symlinking: /home/jyy/workspace/EPSILON_ROS2/src/core/install/playgrounds/share/playgrounds/ring_small_v1.0/lane_net_norm.json
[0.843s] -- Symlinking: /home/jyy/workspace/EPSILON_ROS2/src/core/install/playgrounds/share/playgrounds/ring_small_v1.0/obstacles_norm.json
[0.851s] -- Symlinking: /home/jyy/workspace/EPSILON_ROS2/src/core/install/playgrounds/share/playgrounds/ring_small_v1.0/vehicle_set.json
[0.859s] -- Symlinking: /home/jyy/workspace/EPSILON_ROS2/src/core/install/playgrounds/share/playgrounds/ring_tiny_v1.0/agent_config.json
[0.867s] -- Symlinking: /home/jyy/workspace/EPSILON_ROS2/src/core/install/playgrounds/share/playgrounds/ring_tiny_v1.0/lane_net_norm.json
[0.875s] -- Symlinking: /home/jyy/workspace/EPSILON_ROS2/src/core/install/playgrounds/share/playgrounds/ring_tiny_v1.0/obstacles_norm.json
[0.883s] -- Symlinking: /home/jyy/workspace/EPSILON_ROS2/src/core/install/playgrounds/share/playgrounds/ring_tiny_v1.0/vehicle_set.json
[0.892s] -- Up-to-date symlink: /home/jyy/workspace/EPSILON_ROS2/src/core/install/playgrounds/share/playgrounds/highway_lite/agent_config.json
[0.892s] -- Up-to-date symlink: /home/jyy/workspace/EPSILON_ROS2/src/core/install/playgrounds/share/playgrounds/highway_lite/lane_net_norm.json
[0.892s] -- Up-to-date symlink: /home/jyy/workspace/EPSILON_ROS2/src/core/install/playgrounds/share/playgrounds/highway_lite/obstacles_norm.json
[0.892s] -- Up-to-date symlink: /home/jyy/workspace/EPSILON_ROS2/src/core/install/playgrounds/share/playgrounds/highway_lite/vehicle_set.json
[0.893s] -- Up-to-date symlink: /home/jyy/workspace/EPSILON_ROS2/src/core/install/playgrounds/share/playgrounds/highway_v1.0/agent_config.json
[0.893s] -- Up-to-date symlink: /home/jyy/workspace/EPSILON_ROS2/src/core/install/playgrounds/share/playgrounds/highway_v1.0/lane_net_norm.json
[0.893s] -- Up-to-date symlink: /home/jyy/workspace/EPSILON_ROS2/src/core/install/playgrounds/share/playgrounds/highway_v1.0/obstacles_norm.json
[0.893s] -- Up-to-date symlink: /home/jyy/workspace/EPSILON_ROS2/src/core/install/playgrounds/share/playgrounds/highway_v1.0/vehicle_set.json
[0.894s] -- Up-to-date symlink: /home/jyy/workspace/EPSILON_ROS2/src/core/install/playgrounds/share/playgrounds/ring_small_v1.0/agent_config.json
[0.894s] -- Up-to-date symlink: /home/jyy/workspace/EPSILON_ROS2/src/core/install/playgrounds/share/playgrounds/ring_small_v1.0/lane_net_norm.json
[0.894s] -- Up-to-date symlink: /home/jyy/workspace/EPSILON_ROS2/src/core/install/playgrounds/share/playgrounds/ring_small_v1.0/obstacles_norm.json
[0.894s] -- Up-to-date symlink: /home/jyy/workspace/EPSILON_ROS2/src/core/install/playgrounds/share/playgrounds/ring_small_v1.0/vehicle_set.json
[0.895s] -- Up-to-date symlink: /home/jyy/workspace/EPSILON_ROS2/src/core/install/playgrounds/share/playgrounds/ring_tiny_v1.0/agent_config.json
[0.895s] -- Up-to-date symlink: /home/jyy/workspace/EPSILON_ROS2/src/core/install/playgrounds/share/playgrounds/ring_tiny_v1.0/lane_net_norm.json
[0.895s] -- Up-to-date symlink: /home/jyy/workspace/EPSILON_ROS2/src/core/install/playgrounds/share/playgrounds/ring_tiny_v1.0/obstacles_norm.json
[0.895s] -- Up-to-date symlink: /home/jyy/workspace/EPSILON_ROS2/src/core/install/playgrounds/share/playgrounds/ring_tiny_v1.0/vehicle_set.json
[0.896s] -- Symlinking: /home/jyy/workspace/EPSILON_ROS2/src/core/install/playgrounds/share/ament_index/resource_index/package_run_dependencies/playgrounds
[0.905s] -- Symlinking: /home/jyy/workspace/EPSILON_ROS2/src/core/install/playgrounds/share/ament_index/resource_index/parent_prefix_path/playgrounds
[0.913s] -- Symlinking: /home/jyy/workspace/EPSILON_ROS2/src/core/install/playgrounds/share/playgrounds/environment/ament_prefix_path.sh
[0.922s] -- Symlinking: /home/jyy/workspace/EPSILON_ROS2/src/core/install/playgrounds/share/playgrounds/environment/ament_prefix_path.dsv
[0.930s] -- Symlinking: /home/jyy/workspace/EPSILON_ROS2/src/core/install/playgrounds/share/playgrounds/environment/path.sh
[0.938s] -- Symlinking: /home/jyy/workspace/EPSILON_ROS2/src/core/install/playgrounds/share/playgrounds/environment/path.dsv
[0.946s] -- Symlinking: /home/jyy/workspace/EPSILON_ROS2/src/core/install/playgrounds/share/playgrounds/local_setup.bash
[0.954s] -- Symlinking: /home/jyy/workspace/EPSILON_ROS2/src/core/install/playgrounds/share/playgrounds/local_setup.sh
[0.962s] -- Symlinking: /home/jyy/workspace/EPSILON_ROS2/src/core/install/playgrounds/share/playgrounds/local_setup.zsh
[0.971s] -- Symlinking: /home/jyy/workspace/EPSILON_ROS2/src/core/install/playgrounds/share/playgrounds/local_setup.dsv
[0.979s] -- Symlinking: /home/jyy/workspace/EPSILON_ROS2/src/core/install/playgrounds/share/playgrounds/package.dsv
[0.987s] -- Symlinking: /home/jyy/workspace/EPSILON_ROS2/src/core/install/playgrounds/share/ament_index/resource_index/packages/playgrounds
[0.995s] -- Symlinking: /home/jyy/workspace/EPSILON_ROS2/src/core/install/playgrounds/share/playgrounds/cmake/playgroundsConfig.cmake
[1.003s] -- Symlinking: /home/jyy/workspace/EPSILON_ROS2/src/core/install/playgrounds/share/playgrounds/cmake/playgroundsConfig-version.cmake
[1.011s] -- Symlinking: /home/jyy/workspace/EPSILON_ROS2/src/core/install/playgrounds/share/playgrounds/package.xml
[1.021s] Invoked command in '/home/jyy/workspace/EPSILON_ROS2/src/core/build/playgrounds' returned '0': CMAKE_PREFIX_PATH=${CMAKE_PREFIX_PATH}:/opt/ros/jazzy DEBUGINFOD_URLS=https://debuginfod.ubuntu.com /usr/bin/cmake --install /home/jyy/workspace/EPSILON_ROS2/src/core/build/playgrounds
