[0.102s] DEBUG:colcon:Command line arguments: ['/usr/bin/colcon', 'build', '--packages-select', 'playgrounds', '--symlink-install']
[0.102s] DEBUG:colcon:Parsed command line arguments: Namespace(log_base=None, log_level=None, verb_name='build', build_base='build', install_base='install', merge_install=False, symlink_install=True, test_result_base=None, continue_on_error=False, executor='parallel', parallel_workers=8, event_handlers=None, ignore_user_meta=False, metas=['./colcon.meta'], base_paths=['.'], packages_ignore=None, packages_ignore_regex=None, paths=None, packages_up_to=None, packages_up_to_regex=None, packages_above=None, packages_above_and_dependencies=None, packages_above_depth=None, packages_select_by_dep=None, packages_skip_by_dep=None, packages_skip_up_to=None, packages_select_build_failed=False, packages_skip_build_finished=False, packages_select_test_failures=False, packages_skip_test_passed=False, packages_select=['playgrounds'], packages_skip=None, packages_select_regex=None, packages_skip_regex=None, packages_start=None, packages_end=None, allow_overriding=[], cmake_args=None, cmake_target=None, cmake_target_skip_unavailable=False, cmake_clean_cache=False, cmake_clean_first=False, cmake_force_configure=False, ament_cmake_args=None, catkin_cmake_args=None, catkin_skip_building_tests=False, mixin_files=None, mixin=None, verb_parser=<colcon_mixin.mixin.mixin_argument.MixinArgumentDecorator object at 0x7956c208e0c0>, verb_extension=<colcon_core.verb.build.BuildVerb object at 0x7956c200bf80>, main=<bound method BuildVerb.main of <colcon_core.verb.build.BuildVerb object at 0x7956c200bf80>>, mixin_verb=('build',))
[0.138s] Level 1:colcon.colcon_core.package_discovery:discover_packages(colcon_meta) check parameters
[0.138s] Level 1:colcon.colcon_core.package_discovery:discover_packages(recursive) check parameters
[0.138s] Level 1:colcon.colcon_core.package_discovery:discover_packages(ignore) check parameters
[0.138s] Level 1:colcon.colcon_core.package_discovery:discover_packages(path) check parameters
[0.138s] Level 1:colcon.colcon_core.package_discovery:discover_packages(colcon_meta) discover
[0.138s] Level 1:colcon.colcon_core.package_discovery:discover_packages(recursive) discover
[0.138s] INFO:colcon.colcon_core.package_discovery:Crawling recursively for packages in '/home/jyy/workspace/EPSILON_ROS2/src/core'
[0.138s] Level 1:colcon.colcon_core.package_identification:_identify(.) by extensions ['ignore', 'ignore_ament_install']
[0.138s] Level 1:colcon.colcon_core.package_identification:_identify(.) by extension 'ignore'
[0.138s] Level 1:colcon.colcon_core.package_identification:_identify(.) by extension 'ignore_ament_install'
[0.138s] Level 1:colcon.colcon_core.package_identification:_identify(.) by extensions ['colcon_pkg']
[0.139s] Level 1:colcon.colcon_core.package_identification:_identify(.) by extension 'colcon_pkg'
[0.139s] Level 1:colcon.colcon_core.package_identification:_identify(.) by extensions ['colcon_meta']
[0.139s] Level 1:colcon.colcon_core.package_identification:_identify(.) by extension 'colcon_meta'
[0.139s] Level 1:colcon.colcon_core.package_identification:_identify(.) by extensions ['ros']
[0.139s] Level 1:colcon.colcon_core.package_identification:_identify(.) by extension 'ros'
[0.162s] Level 1:colcon.colcon_core.package_identification:_identify(.) by extensions ['cmake', 'python']
[0.162s] Level 1:colcon.colcon_core.package_identification:_identify(.) by extension 'cmake'
[0.162s] Level 1:colcon.colcon_core.package_identification:_identify(.) by extension 'python'
[0.162s] Level 1:colcon.colcon_core.package_identification:_identify(.) by extensions ['python_setup_py']
[0.162s] Level 1:colcon.colcon_core.package_identification:_identify(.) by extension 'python_setup_py'
[0.162s] Level 1:colcon.colcon_core.package_identification:_identify(behavior_planner) by extensions ['ignore', 'ignore_ament_install']
[0.162s] Level 1:colcon.colcon_core.package_identification:_identify(behavior_planner) by extension 'ignore'
[0.162s] Level 1:colcon.colcon_core.package_identification:_identify(behavior_planner) by extension 'ignore_ament_install'
[0.162s] Level 1:colcon.colcon_core.package_identification:_identify(behavior_planner) by extensions ['colcon_pkg']
[0.162s] Level 1:colcon.colcon_core.package_identification:_identify(behavior_planner) by extension 'colcon_pkg'
[0.162s] Level 1:colcon.colcon_core.package_identification:_identify(behavior_planner) by extensions ['colcon_meta']
[0.162s] Level 1:colcon.colcon_core.package_identification:_identify(behavior_planner) by extension 'colcon_meta'
[0.162s] Level 1:colcon.colcon_core.package_identification:_identify(behavior_planner) by extensions ['ros']
[0.162s] Level 1:colcon.colcon_core.package_identification:_identify(behavior_planner) by extension 'ros'
[0.165s] DEBUG:colcon.colcon_core.package_identification:Package 'behavior_planner' with type 'ros.ament_cmake' and name 'behavior_planner'
[0.165s] Level 1:colcon.colcon_core.package_identification:_identify(build) by extensions ['ignore', 'ignore_ament_install']
[0.165s] Level 1:colcon.colcon_core.package_identification:_identify(build) by extension 'ignore'
[0.165s] Level 1:colcon.colcon_core.package_identification:_identify(build) ignored
[0.165s] Level 1:colcon.colcon_core.package_identification:_identify(common) by extensions ['ignore', 'ignore_ament_install']
[0.165s] Level 1:colcon.colcon_core.package_identification:_identify(common) by extension 'ignore'
[0.165s] Level 1:colcon.colcon_core.package_identification:_identify(common) by extension 'ignore_ament_install'
[0.165s] Level 1:colcon.colcon_core.package_identification:_identify(common) by extensions ['colcon_pkg']
[0.165s] Level 1:colcon.colcon_core.package_identification:_identify(common) by extension 'colcon_pkg'
[0.165s] Level 1:colcon.colcon_core.package_identification:_identify(common) by extensions ['colcon_meta']
[0.165s] Level 1:colcon.colcon_core.package_identification:_identify(common) by extension 'colcon_meta'
[0.165s] Level 1:colcon.colcon_core.package_identification:_identify(common) by extensions ['ros']
[0.165s] Level 1:colcon.colcon_core.package_identification:_identify(common) by extension 'ros'
[0.166s] DEBUG:colcon.colcon_core.package_identification:Package 'common' with type 'ros.ament_cmake' and name 'common'
[0.166s] Level 1:colcon.colcon_core.package_identification:_identify(forward_simulator) by extensions ['ignore', 'ignore_ament_install']
[0.166s] Level 1:colcon.colcon_core.package_identification:_identify(forward_simulator) by extension 'ignore'
[0.166s] Level 1:colcon.colcon_core.package_identification:_identify(forward_simulator) by extension 'ignore_ament_install'
[0.166s] Level 1:colcon.colcon_core.package_identification:_identify(forward_simulator) by extensions ['colcon_pkg']
[0.166s] Level 1:colcon.colcon_core.package_identification:_identify(forward_simulator) by extension 'colcon_pkg'
[0.166s] Level 1:colcon.colcon_core.package_identification:_identify(forward_simulator) by extensions ['colcon_meta']
[0.166s] Level 1:colcon.colcon_core.package_identification:_identify(forward_simulator) by extension 'colcon_meta'
[0.166s] Level 1:colcon.colcon_core.package_identification:_identify(forward_simulator) by extensions ['ros']
[0.166s] Level 1:colcon.colcon_core.package_identification:_identify(forward_simulator) by extension 'ros'
[0.167s] DEBUG:colcon.colcon_core.package_identification:Package 'forward_simulator' with type 'ros.ament_cmake' and name 'forward_simulator'
[0.167s] Level 1:colcon.colcon_core.package_identification:_identify(install) by extensions ['ignore', 'ignore_ament_install']
[0.167s] Level 1:colcon.colcon_core.package_identification:_identify(install) by extension 'ignore'
[0.167s] Level 1:colcon.colcon_core.package_identification:_identify(install) ignored
[0.167s] Level 1:colcon.colcon_core.package_identification:_identify(log) by extensions ['ignore', 'ignore_ament_install']
[0.167s] Level 1:colcon.colcon_core.package_identification:_identify(log) by extension 'ignore'
[0.167s] Level 1:colcon.colcon_core.package_identification:_identify(log) ignored
[0.167s] Level 1:colcon.colcon_core.package_identification:_identify(motion_predictor) by extensions ['ignore', 'ignore_ament_install']
[0.168s] Level 1:colcon.colcon_core.package_identification:_identify(motion_predictor) by extension 'ignore'
[0.168s] Level 1:colcon.colcon_core.package_identification:_identify(motion_predictor) by extension 'ignore_ament_install'
[0.168s] Level 1:colcon.colcon_core.package_identification:_identify(motion_predictor) by extensions ['colcon_pkg']
[0.168s] Level 1:colcon.colcon_core.package_identification:_identify(motion_predictor) by extension 'colcon_pkg'
[0.168s] Level 1:colcon.colcon_core.package_identification:_identify(motion_predictor) by extensions ['colcon_meta']
[0.168s] Level 1:colcon.colcon_core.package_identification:_identify(motion_predictor) by extension 'colcon_meta'
[0.168s] Level 1:colcon.colcon_core.package_identification:_identify(motion_predictor) by extensions ['ros']
[0.168s] Level 1:colcon.colcon_core.package_identification:_identify(motion_predictor) by extension 'ros'
[0.168s] DEBUG:colcon.colcon_core.package_identification:Package 'motion_predictor' with type 'ros.ament_cmake' and name 'motion_predictor'
[0.168s] Level 1:colcon.colcon_core.package_identification:_identify(phy_simulator) by extensions ['ignore', 'ignore_ament_install']
[0.169s] Level 1:colcon.colcon_core.package_identification:_identify(phy_simulator) by extension 'ignore'
[0.169s] Level 1:colcon.colcon_core.package_identification:_identify(phy_simulator) by extension 'ignore_ament_install'
[0.169s] Level 1:colcon.colcon_core.package_identification:_identify(phy_simulator) by extensions ['colcon_pkg']
[0.169s] Level 1:colcon.colcon_core.package_identification:_identify(phy_simulator) by extension 'colcon_pkg'
[0.169s] Level 1:colcon.colcon_core.package_identification:_identify(phy_simulator) by extensions ['colcon_meta']
[0.169s] Level 1:colcon.colcon_core.package_identification:_identify(phy_simulator) by extension 'colcon_meta'
[0.169s] Level 1:colcon.colcon_core.package_identification:_identify(phy_simulator) by extensions ['ros']
[0.169s] Level 1:colcon.colcon_core.package_identification:_identify(phy_simulator) by extension 'ros'
[0.169s] DEBUG:colcon.colcon_core.package_identification:Package 'phy_simulator' with type 'ros.ament_cmake' and name 'phy_simulator'
[0.169s] Level 1:colcon.colcon_core.package_identification:_identify(playgrounds) by extensions ['ignore', 'ignore_ament_install']
[0.170s] Level 1:colcon.colcon_core.package_identification:_identify(playgrounds) by extension 'ignore'
[0.170s] Level 1:colcon.colcon_core.package_identification:_identify(playgrounds) by extension 'ignore_ament_install'
[0.170s] Level 1:colcon.colcon_core.package_identification:_identify(playgrounds) by extensions ['colcon_pkg']
[0.170s] Level 1:colcon.colcon_core.package_identification:_identify(playgrounds) by extension 'colcon_pkg'
[0.170s] Level 1:colcon.colcon_core.package_identification:_identify(playgrounds) by extensions ['colcon_meta']
[0.170s] Level 1:colcon.colcon_core.package_identification:_identify(playgrounds) by extension 'colcon_meta'
[0.170s] Level 1:colcon.colcon_core.package_identification:_identify(playgrounds) by extensions ['ros']
[0.170s] Level 1:colcon.colcon_core.package_identification:_identify(playgrounds) by extension 'ros'
[0.170s] DEBUG:colcon.colcon_core.package_identification:Package 'playgrounds' with type 'ros.ament_cmake' and name 'playgrounds'
[0.170s] Level 1:colcon.colcon_core.package_identification:_identify(route_planner) by extensions ['ignore', 'ignore_ament_install']
[0.170s] Level 1:colcon.colcon_core.package_identification:_identify(route_planner) by extension 'ignore'
[0.170s] Level 1:colcon.colcon_core.package_identification:_identify(route_planner) by extension 'ignore_ament_install'
[0.170s] Level 1:colcon.colcon_core.package_identification:_identify(route_planner) by extensions ['colcon_pkg']
[0.170s] Level 1:colcon.colcon_core.package_identification:_identify(route_planner) by extension 'colcon_pkg'
[0.170s] Level 1:colcon.colcon_core.package_identification:_identify(route_planner) by extensions ['colcon_meta']
[0.170s] Level 1:colcon.colcon_core.package_identification:_identify(route_planner) by extension 'colcon_meta'
[0.171s] Level 1:colcon.colcon_core.package_identification:_identify(route_planner) by extensions ['ros']
[0.171s] Level 1:colcon.colcon_core.package_identification:_identify(route_planner) by extension 'ros'
[0.171s] DEBUG:colcon.colcon_core.package_identification:Package 'route_planner' with type 'ros.ament_cmake' and name 'route_planner'
[0.171s] Level 1:colcon.colcon_core.package_identification:_identify(semantic_map_manager) by extensions ['ignore', 'ignore_ament_install']
[0.171s] Level 1:colcon.colcon_core.package_identification:_identify(semantic_map_manager) by extension 'ignore'
[0.171s] Level 1:colcon.colcon_core.package_identification:_identify(semantic_map_manager) by extension 'ignore_ament_install'
[0.171s] Level 1:colcon.colcon_core.package_identification:_identify(semantic_map_manager) by extensions ['colcon_pkg']
[0.171s] Level 1:colcon.colcon_core.package_identification:_identify(semantic_map_manager) by extension 'colcon_pkg'
[0.171s] Level 1:colcon.colcon_core.package_identification:_identify(semantic_map_manager) by extensions ['colcon_meta']
[0.171s] Level 1:colcon.colcon_core.package_identification:_identify(semantic_map_manager) by extension 'colcon_meta'
[0.172s] Level 1:colcon.colcon_core.package_identification:_identify(semantic_map_manager) by extensions ['ros']
[0.172s] Level 1:colcon.colcon_core.package_identification:_identify(semantic_map_manager) by extension 'ros'
[0.172s] DEBUG:colcon.colcon_core.package_identification:Package 'semantic_map_manager' with type 'ros.ament_cmake' and name 'semantic_map_manager'
[0.172s] Level 1:colcon.colcon_core.package_identification:_identify(vehicle_model) by extensions ['ignore', 'ignore_ament_install']
[0.173s] Level 1:colcon.colcon_core.package_identification:_identify(vehicle_model) by extension 'ignore'
[0.173s] Level 1:colcon.colcon_core.package_identification:_identify(vehicle_model) by extension 'ignore_ament_install'
[0.173s] Level 1:colcon.colcon_core.package_identification:_identify(vehicle_model) by extensions ['colcon_pkg']
[0.173s] Level 1:colcon.colcon_core.package_identification:_identify(vehicle_model) by extension 'colcon_pkg'
[0.173s] Level 1:colcon.colcon_core.package_identification:_identify(vehicle_model) by extensions ['colcon_meta']
[0.173s] Level 1:colcon.colcon_core.package_identification:_identify(vehicle_model) by extension 'colcon_meta'
[0.173s] Level 1:colcon.colcon_core.package_identification:_identify(vehicle_model) by extensions ['ros']
[0.173s] Level 1:colcon.colcon_core.package_identification:_identify(vehicle_model) by extension 'ros'
[0.173s] DEBUG:colcon.colcon_core.package_identification:Package 'vehicle_model' with type 'ros.ament_cmake' and name 'vehicle_model'
[0.173s] Level 1:colcon.colcon_core.package_identification:_identify(vehicle_msgs) by extensions ['ignore', 'ignore_ament_install']
[0.173s] Level 1:colcon.colcon_core.package_identification:_identify(vehicle_msgs) by extension 'ignore'
[0.173s] Level 1:colcon.colcon_core.package_identification:_identify(vehicle_msgs) by extension 'ignore_ament_install'
[0.174s] Level 1:colcon.colcon_core.package_identification:_identify(vehicle_msgs) by extensions ['colcon_pkg']
[0.174s] Level 1:colcon.colcon_core.package_identification:_identify(vehicle_msgs) by extension 'colcon_pkg'
[0.174s] Level 1:colcon.colcon_core.package_identification:_identify(vehicle_msgs) by extensions ['colcon_meta']
[0.174s] Level 1:colcon.colcon_core.package_identification:_identify(vehicle_msgs) by extension 'colcon_meta'
[0.174s] Level 1:colcon.colcon_core.package_identification:_identify(vehicle_msgs) by extensions ['ros']
[0.174s] Level 1:colcon.colcon_core.package_identification:_identify(vehicle_msgs) by extension 'ros'
[0.174s] DEBUG:colcon.colcon_core.package_identification:Package 'vehicle_msgs' with type 'ros.ament_cmake' and name 'vehicle_msgs'
[0.174s] Level 1:colcon.colcon_core.package_discovery:discover_packages(recursive) using defaults
[0.174s] Level 1:colcon.colcon_core.package_discovery:discover_packages(ignore) discover
[0.174s] Level 1:colcon.colcon_core.package_discovery:discover_packages(ignore) using defaults
[0.174s] Level 1:colcon.colcon_core.package_discovery:discover_packages(path) discover
[0.174s] Level 1:colcon.colcon_core.package_discovery:discover_packages(path) using defaults
[0.192s] INFO:colcon.colcon_core.package_selection:Skipping not selected package 'common' in 'common'
[0.192s] INFO:colcon.colcon_core.package_selection:Skipping not selected package 'vehicle_model' in 'vehicle_model'
[0.192s] INFO:colcon.colcon_core.package_selection:Skipping not selected package 'vehicle_msgs' in 'vehicle_msgs'
[0.192s] INFO:colcon.colcon_core.package_selection:Skipping not selected package 'forward_simulator' in 'forward_simulator'
[0.192s] INFO:colcon.colcon_core.package_selection:Skipping not selected package 'phy_simulator' in 'phy_simulator'
[0.192s] INFO:colcon.colcon_core.package_selection:Skipping not selected package 'motion_predictor' in 'motion_predictor'
[0.192s] INFO:colcon.colcon_core.package_selection:Skipping not selected package 'semantic_map_manager' in 'semantic_map_manager'
[0.192s] INFO:colcon.colcon_core.package_selection:Skipping not selected package 'route_planner' in 'route_planner'
[0.192s] INFO:colcon.colcon_core.package_selection:Skipping not selected package 'behavior_planner' in 'behavior_planner'
[0.192s] Level 1:colcon.colcon_core.package_discovery:discover_packages(prefix_path) check parameters
[0.192s] Level 1:colcon.colcon_core.package_discovery:discover_packages(prefix_path) discover
[0.195s] DEBUG:colcon.colcon_installed_package_information.package_discovery:Found 15 installed packages in /home/jyy/workspace/EPSILON_ROS2/install
[0.196s] DEBUG:colcon.colcon_installed_package_information.package_discovery:Found 290 installed packages in /opt/ros/jazzy
[0.197s] Level 1:colcon.colcon_core.package_discovery:discover_packages(prefix_path) using defaults
[0.240s] Level 5:colcon.colcon_core.verb:set package 'playgrounds' build argument 'cmake_args' from command line to 'None'
[0.240s] Level 5:colcon.colcon_core.verb:set package 'playgrounds' build argument 'cmake_target' from command line to 'None'
[0.240s] Level 5:colcon.colcon_core.verb:set package 'playgrounds' build argument 'cmake_target_skip_unavailable' from command line to 'False'
[0.240s] Level 5:colcon.colcon_core.verb:set package 'playgrounds' build argument 'cmake_clean_cache' from command line to 'False'
[0.240s] Level 5:colcon.colcon_core.verb:set package 'playgrounds' build argument 'cmake_clean_first' from command line to 'False'
[0.240s] Level 5:colcon.colcon_core.verb:set package 'playgrounds' build argument 'cmake_force_configure' from command line to 'False'
[0.240s] Level 5:colcon.colcon_core.verb:set package 'playgrounds' build argument 'ament_cmake_args' from command line to 'None'
[0.240s] Level 5:colcon.colcon_core.verb:set package 'playgrounds' build argument 'catkin_cmake_args' from command line to 'None'
[0.240s] Level 5:colcon.colcon_core.verb:set package 'playgrounds' build argument 'catkin_skip_building_tests' from command line to 'False'
[0.240s] DEBUG:colcon.colcon_core.verb:Building package 'playgrounds' with the following arguments: {'ament_cmake_args': None, 'build_base': '/home/jyy/workspace/EPSILON_ROS2/src/core/build/playgrounds', 'catkin_cmake_args': None, 'catkin_skip_building_tests': False, 'cmake_args': None, 'cmake_clean_cache': False, 'cmake_clean_first': False, 'cmake_force_configure': False, 'cmake_target': None, 'cmake_target_skip_unavailable': False, 'install_base': '/home/jyy/workspace/EPSILON_ROS2/src/core/install/playgrounds', 'merge_install': False, 'path': '/home/jyy/workspace/EPSILON_ROS2/src/core/playgrounds', 'symlink_install': True, 'test_result_base': None}
[0.240s] INFO:colcon.colcon_core.executor:Executing jobs using 'parallel' executor
[0.241s] DEBUG:colcon.colcon_parallel_executor.executor.parallel:run_until_complete
[0.241s] INFO:colcon.colcon_ros.task.ament_cmake.build:Building ROS package in '/home/jyy/workspace/EPSILON_ROS2/src/core/playgrounds' with build type 'ament_cmake'
[0.241s] INFO:colcon.colcon_cmake.task.cmake.build:Building CMake package in '/home/jyy/workspace/EPSILON_ROS2/src/core/playgrounds'
[0.243s] INFO:colcon.colcon_core.plugin_system:Skipping extension 'colcon_core.shell.bat': Not used on non-Windows systems
[0.243s] INFO:colcon.colcon_core.shell:Skip shell extension 'powershell' for command environment: Not usable outside of PowerShell
[0.243s] DEBUG:colcon.colcon_core.shell:Skip shell extension 'dsv' for command environment
[0.252s] DEBUG:colcon.colcon_core.event_handler.log_command:Invoking command in '/home/jyy/workspace/EPSILON_ROS2/src/core/build/playgrounds': CMAKE_PREFIX_PATH=${CMAKE_PREFIX_PATH}:/opt/ros/jazzy DEBUGINFOD_URLS=https://debuginfod.ubuntu.com /usr/bin/cmake /home/jyy/workspace/EPSILON_ROS2/src/core/playgrounds -DAMENT_CMAKE_SYMLINK_INSTALL=1 -DCMAKE_INSTALL_PREFIX=/home/jyy/workspace/EPSILON_ROS2/src/core/install/playgrounds
[0.949s] DEBUG:colcon.colcon_core.event_handler.log_command:Invoked command in '/home/jyy/workspace/EPSILON_ROS2/src/core/build/playgrounds' returned '0': CMAKE_PREFIX_PATH=${CMAKE_PREFIX_PATH}:/opt/ros/jazzy DEBUGINFOD_URLS=https://debuginfod.ubuntu.com /usr/bin/cmake /home/jyy/workspace/EPSILON_ROS2/src/core/playgrounds -DAMENT_CMAKE_SYMLINK_INSTALL=1 -DCMAKE_INSTALL_PREFIX=/home/jyy/workspace/EPSILON_ROS2/src/core/install/playgrounds
[0.950s] DEBUG:colcon.colcon_core.event_handler.log_command:Invoking command in '/home/jyy/workspace/EPSILON_ROS2/src/core/build/playgrounds': CMAKE_PREFIX_PATH=${CMAKE_PREFIX_PATH}:/opt/ros/jazzy DEBUGINFOD_URLS=https://debuginfod.ubuntu.com /usr/bin/cmake --build /home/jyy/workspace/EPSILON_ROS2/src/core/build/playgrounds -- -j8 -l8
[0.985s] DEBUG:colcon.colcon_core.event_handler.log_command:Invoked command in '/home/jyy/workspace/EPSILON_ROS2/src/core/build/playgrounds' returned '0': CMAKE_PREFIX_PATH=${CMAKE_PREFIX_PATH}:/opt/ros/jazzy DEBUGINFOD_URLS=https://debuginfod.ubuntu.com /usr/bin/cmake --build /home/jyy/workspace/EPSILON_ROS2/src/core/build/playgrounds -- -j8 -l8
[0.994s] DEBUG:colcon.colcon_core.event_handler.log_command:Invoking command in '/home/jyy/workspace/EPSILON_ROS2/src/core/build/playgrounds': CMAKE_PREFIX_PATH=${CMAKE_PREFIX_PATH}:/opt/ros/jazzy DEBUGINFOD_URLS=https://debuginfod.ubuntu.com /usr/bin/cmake --install /home/jyy/workspace/EPSILON_ROS2/src/core/build/playgrounds
[1.262s] Level 1:colcon.colcon_core.environment:create_environment_scripts_only(playgrounds)
[1.262s] DEBUG:colcon.colcon_core.event_handler.log_command:Invoked command in '/home/jyy/workspace/EPSILON_ROS2/src/core/build/playgrounds' returned '0': CMAKE_PREFIX_PATH=${CMAKE_PREFIX_PATH}:/opt/ros/jazzy DEBUGINFOD_URLS=https://debuginfod.ubuntu.com /usr/bin/cmake --install /home/jyy/workspace/EPSILON_ROS2/src/core/build/playgrounds
[1.264s] Level 1:colcon.colcon_core.environment:checking '/home/jyy/workspace/EPSILON_ROS2/src/core/install/playgrounds' for CMake module files
[1.265s] Level 1:colcon.colcon_core.environment:checking '/home/jyy/workspace/EPSILON_ROS2/src/core/install/playgrounds' for CMake config files
[1.265s] Level 1:colcon.colcon_core.shell:create_environment_hook('playgrounds', 'cmake_prefix_path')
[1.265s] INFO:colcon.colcon_core.shell:Creating environment hook '/home/jyy/workspace/EPSILON_ROS2/src/core/install/playgrounds/share/playgrounds/hook/cmake_prefix_path.ps1'
[1.266s] INFO:colcon.colcon_core.shell:Creating environment descriptor '/home/jyy/workspace/EPSILON_ROS2/src/core/install/playgrounds/share/playgrounds/hook/cmake_prefix_path.dsv'
[1.266s] INFO:colcon.colcon_core.shell:Creating environment hook '/home/jyy/workspace/EPSILON_ROS2/src/core/install/playgrounds/share/playgrounds/hook/cmake_prefix_path.sh'
[1.267s] Level 1:colcon.colcon_core.environment:checking '/home/jyy/workspace/EPSILON_ROS2/src/core/install/playgrounds/bin'
[1.267s] Level 1:colcon.colcon_core.environment:checking '/home/jyy/workspace/EPSILON_ROS2/src/core/install/playgrounds/lib/pkgconfig/playgrounds.pc'
[1.267s] Level 1:colcon.colcon_core.environment:checking '/home/jyy/workspace/EPSILON_ROS2/src/core/install/playgrounds/lib/python3.12/site-packages'
[1.267s] Level 1:colcon.colcon_core.environment:checking '/home/jyy/workspace/EPSILON_ROS2/src/core/install/playgrounds/bin'
[1.267s] INFO:colcon.colcon_core.shell:Creating package script '/home/jyy/workspace/EPSILON_ROS2/src/core/install/playgrounds/share/playgrounds/package.ps1'
[1.268s] INFO:colcon.colcon_core.shell:Creating package descriptor '/home/jyy/workspace/EPSILON_ROS2/src/core/install/playgrounds/share/playgrounds/package.dsv'
[1.269s] INFO:colcon.colcon_core.shell:Creating package script '/home/jyy/workspace/EPSILON_ROS2/src/core/install/playgrounds/share/playgrounds/package.sh'
[1.269s] INFO:colcon.colcon_core.shell:Creating package script '/home/jyy/workspace/EPSILON_ROS2/src/core/install/playgrounds/share/playgrounds/package.bash'
[1.270s] INFO:colcon.colcon_core.shell:Creating package script '/home/jyy/workspace/EPSILON_ROS2/src/core/install/playgrounds/share/playgrounds/package.zsh'
[1.270s] Level 1:colcon.colcon_core.environment:create_file_with_runtime_dependencies(/home/jyy/workspace/EPSILON_ROS2/src/core/install/playgrounds/share/colcon-core/packages/playgrounds)
[1.271s] Level 1:colcon.colcon_core.environment:create_environment_scripts_only(playgrounds)
[1.271s] Level 1:colcon.colcon_core.environment:checking '/home/jyy/workspace/EPSILON_ROS2/src/core/install/playgrounds' for CMake module files
[1.271s] Level 1:colcon.colcon_core.environment:checking '/home/jyy/workspace/EPSILON_ROS2/src/core/install/playgrounds' for CMake config files
[1.271s] Level 1:colcon.colcon_core.shell:create_environment_hook('playgrounds', 'cmake_prefix_path')
[1.271s] INFO:colcon.colcon_core.shell:Creating environment hook '/home/jyy/workspace/EPSILON_ROS2/src/core/install/playgrounds/share/playgrounds/hook/cmake_prefix_path.ps1'
[1.272s] INFO:colcon.colcon_core.shell:Creating environment descriptor '/home/jyy/workspace/EPSILON_ROS2/src/core/install/playgrounds/share/playgrounds/hook/cmake_prefix_path.dsv'
[1.272s] INFO:colcon.colcon_core.shell:Creating environment hook '/home/jyy/workspace/EPSILON_ROS2/src/core/install/playgrounds/share/playgrounds/hook/cmake_prefix_path.sh'
[1.272s] Level 1:colcon.colcon_core.environment:checking '/home/jyy/workspace/EPSILON_ROS2/src/core/install/playgrounds/bin'
[1.273s] Level 1:colcon.colcon_core.environment:checking '/home/jyy/workspace/EPSILON_ROS2/src/core/install/playgrounds/lib/pkgconfig/playgrounds.pc'
[1.273s] Level 1:colcon.colcon_core.environment:checking '/home/jyy/workspace/EPSILON_ROS2/src/core/install/playgrounds/lib/python3.12/site-packages'
[1.273s] Level 1:colcon.colcon_core.environment:checking '/home/jyy/workspace/EPSILON_ROS2/src/core/install/playgrounds/bin'
[1.273s] INFO:colcon.colcon_core.shell:Creating package script '/home/jyy/workspace/EPSILON_ROS2/src/core/install/playgrounds/share/playgrounds/package.ps1'
[1.274s] INFO:colcon.colcon_core.shell:Creating package descriptor '/home/jyy/workspace/EPSILON_ROS2/src/core/install/playgrounds/share/playgrounds/package.dsv'
[1.274s] INFO:colcon.colcon_core.shell:Creating package script '/home/jyy/workspace/EPSILON_ROS2/src/core/install/playgrounds/share/playgrounds/package.sh'
[1.274s] INFO:colcon.colcon_core.shell:Creating package script '/home/jyy/workspace/EPSILON_ROS2/src/core/install/playgrounds/share/playgrounds/package.bash'
[1.275s] INFO:colcon.colcon_core.shell:Creating package script '/home/jyy/workspace/EPSILON_ROS2/src/core/install/playgrounds/share/playgrounds/package.zsh'
[1.275s] Level 1:colcon.colcon_core.environment:create_file_with_runtime_dependencies(/home/jyy/workspace/EPSILON_ROS2/src/core/install/playgrounds/share/colcon-core/packages/playgrounds)
[1.275s] DEBUG:colcon.colcon_parallel_executor.executor.parallel:closing loop
[1.275s] DEBUG:colcon.colcon_parallel_executor.executor.parallel:loop closed
[1.275s] DEBUG:colcon.colcon_parallel_executor.executor.parallel:run_until_complete finished with '0'
[1.275s] DEBUG:colcon.colcon_core.event_reactor:joining thread
[1.281s] INFO:colcon.colcon_core.plugin_system:Skipping extension 'colcon_notification.desktop_notification.terminal_notifier': Not used on non-Darwin systems
[1.281s] INFO:colcon.colcon_core.plugin_system:Skipping extension 'colcon_notification.desktop_notification.win32': Not used on non-Windows systems
[1.281s] INFO:colcon.colcon_notification.desktop_notification:Sending desktop notification using 'notify2'
[1.304s] DEBUG:colcon.colcon_core.event_reactor:joined thread
[1.304s] INFO:colcon.colcon_core.shell:Creating prefix script '/home/jyy/workspace/EPSILON_ROS2/src/core/install/local_setup.ps1'
[1.305s] INFO:colcon.colcon_core.shell:Creating prefix util module '/home/jyy/workspace/EPSILON_ROS2/src/core/install/_local_setup_util_ps1.py'
[1.306s] INFO:colcon.colcon_core.shell:Creating prefix chain script '/home/jyy/workspace/EPSILON_ROS2/src/core/install/setup.ps1'
[1.307s] INFO:colcon.colcon_core.shell:Creating prefix script '/home/jyy/workspace/EPSILON_ROS2/src/core/install/local_setup.sh'
[1.308s] INFO:colcon.colcon_core.shell:Creating prefix util module '/home/jyy/workspace/EPSILON_ROS2/src/core/install/_local_setup_util_sh.py'
[1.308s] INFO:colcon.colcon_core.shell:Creating prefix chain script '/home/jyy/workspace/EPSILON_ROS2/src/core/install/setup.sh'
[1.309s] INFO:colcon.colcon_core.shell:Creating prefix script '/home/jyy/workspace/EPSILON_ROS2/src/core/install/local_setup.bash'
[1.310s] INFO:colcon.colcon_core.shell:Creating prefix chain script '/home/jyy/workspace/EPSILON_ROS2/src/core/install/setup.bash'
[1.311s] INFO:colcon.colcon_core.shell:Creating prefix script '/home/jyy/workspace/EPSILON_ROS2/src/core/install/local_setup.zsh'
[1.312s] INFO:colcon.colcon_core.shell:Creating prefix chain script '/home/jyy/workspace/EPSILON_ROS2/src/core/install/setup.zsh'
